<?xml version="1.0" encoding="UTF-8"?>
<testsuite xmlns:xsi="http://www.w3.org/2001/XMLSchema-instance" xsi:noNamespaceSchemaLocation="https://maven.apache.org/surefire/maven-surefire-plugin/xsd/surefire-test-report-3.0.xsd" version="3.0" name="TestSuite" time="8.838" tests="3" errors="0" skipped="2" failures="1">
  <properties>
[...]
</properties>
  <testcase name="setup" classname="com.portfolio.mobileautomation.tests.ExampleTest" time="8.388">
    <failure message="org/openqa/selenium/ContextAware" type="java.lang.NoClassDefFoundError"><![CDATA[java.lang.NoClassDefFoundError: org/openqa/selenium/ContextAware
	at java.base/java.lang.ClassLoader.defineClass1(Native Method)
	at java.base/java.lang.ClassLoader.defineClass(ClassLoader.java:1027)
	at java.base/java.security.SecureClassLoader.defineClass(SecureClassLoader.java:150)
	at java.base/jdk.internal.loader.BuiltinClassLoader.defineClass(BuiltinClassLoader.java:862)
	at java.base/jdk.internal.loader.BuiltinClassLoader.findClassOnClassPathOrNull(BuiltinClassLoader.java:760)
	at java.base/jdk.internal.loader.BuiltinClassLoader.loadClassOrNull(BuiltinClassLoader.java:681)
	at java.base/jdk.internal.loader.BuiltinClassLoader.loadClass(BuiltinClassLoader.java:639)
	at java.base/jdk.internal.loader.ClassLoaders$AppClassLoader.loadClass(ClassLoaders.java:188)
	at java.base/java.lang.ClassLoader.loadClass(ClassLoader.java:526)
	at java.base/java.lang.ClassLoader.defineClass1(Native Method)
	at java.base/java.lang.ClassLoader.defineClass(ClassLoader.java:1027)
	at java.base/java.security.SecureClassLoader.defineClass(SecureClassLoader.java:150)
	at java.base/jdk.internal.loader.BuiltinClassLoader.defineClass(BuiltinClassLoader.java:862)
	at java.base/jdk.internal.loader.BuiltinClassLoader.findClassOnClassPathOrNull(BuiltinClassLoader.java:760)
	at java.base/jdk.internal.loader.BuiltinClassLoader.loadClassOrNull(BuiltinClassLoader.java:681)
	at java.base/jdk.internal.loader.BuiltinClassLoader.loadClass(BuiltinClassLoader.java:639)
	at java.base/jdk.internal.loader.ClassLoaders$AppClassLoader.loadClass(ClassLoaders.java:188)
	at java.base/java.lang.ClassLoader.loadClass(ClassLoader.java:526)
	at com.portfolio.mobileautomation.driver.DriverManager.initDriver(DriverManager.java:31)
	at com.portfolio.mobileautomation.tests.ExampleTest.setup(ExampleTest.java:28)
	at java.base/jdk.internal.reflect.DirectMethodHandleAccessor.invoke(DirectMethodHandleAccessor.java:103)
	at java.base/java.lang.reflect.Method.invoke(Method.java:580)
	at org.testng.internal.invokers.MethodInvocationHelper.invokeMethod(MethodInvocationHelper.java:141)
	at org.testng.internal.invokers.MethodInvocationHelper.invokeMethodConsideringTimeout(MethodInvocationHelper.java:71)
	at org.testng.internal.invokers.ConfigInvoker.invokeConfigurationMethod(ConfigInvoker.java:400)
	at org.testng.internal.invokers.ConfigInvoker.invokeConfigurations(ConfigInvoker.java:333)
	at org.testng.internal.invokers.TestInvoker.runConfigMethods(TestInvoker.java:833)
	at org.testng.internal.invokers.TestInvoker.invokeMethod(TestInvoker.java:600)
	at org.testng.internal.invokers.TestInvoker.invokeTestMethod(TestInvoker.java:230)
	at org.testng.internal.invokers.MethodRunner.runInSequence(MethodRunner.java:63)
	at org.testng.internal.invokers.TestInvoker$MethodInvocationAgent.invoke(TestInvoker.java:992)
	at org.testng.internal.invokers.TestInvoker.invokeTestMethods(TestInvoker.java:203)
	at org.testng.internal.invokers.TestMethodWorker.invokeTestMethods(TestMethodWorker.java:154)
	at org.testng.internal.invokers.TestMethodWorker.run(TestMethodWorker.java:134)
	at java.base/java.util.ArrayList.forEach(ArrayList.java:1596)
	at org.testng.TestRunner.privateRun(TestRunner.java:739)
	at org.testng.TestRunner.run(TestRunner.java:614)
	at org.testng.SuiteRunner.runTest(SuiteRunner.java:421)
	at org.testng.SuiteRunner$SuiteWorker.run(SuiteRunner.java:463)
	at org.testng.internal.thread.ThreadUtil.lambda$execute$0(ThreadUtil.java:64)
	at java.base/java.util.concurrent.FutureTask.run(FutureTask.java:317)
	at java.base/java.util.concurrent.ThreadPoolExecutor.runWorker(ThreadPoolExecutor.java:1144)
	at java.base/java.util.concurrent.ThreadPoolExecutor$Worker.run(ThreadPoolExecutor.java:642)
	at java.base/java.lang.Thread.run(Thread.java:1583)
Caused by: java.lang.ClassNotFoundException: org.openqa.selenium.ContextAware
	at java.base/jdk.internal.loader.BuiltinClassLoader.loadClass(BuiltinClassLoader.java:641)
	at java.base/jdk.internal.loader.ClassLoaders$AppClassLoader.loadClass(ClassLoaders.java:188)
	at java.base/java.lang.ClassLoader.loadClass(ClassLoader.java:526)
	... 44 more
]]></failure>
    <system-out><![CDATA[&amp#27;[38;5;112m[Appium]&amp#27;[0m Welcome to Appium v2.18.0
&amp#27;[38;5;112m[Appium]&amp#27;[0m Non-default server args:
&amp#27;[38;5;112m[Appium]&amp#27;[0m { address: &amp#27;[32m'127.0.0.1'&amp#27;[39m, loglevel: &amp#27;[32m'info'&amp#27;[39m, sessionOverride: &amp#27;[33mtrue&amp#27;[39m }
&amp#27;[38;5;112m[Appium]&amp#27;[0m Appium REST http interface listener started on http://127.0.0.1:4723
&amp#27;[38;5;112m[Appium]&amp#27;[0m No drivers have been installed in C:\Users\Erick\.appium. Use the "appium driver" command to install the one(s) you want to use.
&amp#27;[38;5;112m[Appium]&amp#27;[0m No plugins have been installed. Use the "appium plugin" command to install the one(s) you want to use.
&amp#27;[38;5;86m[HTTP]&amp#27;[0m &amp#27;[37m-->&amp#27;[39m &amp#27;[37mGET&amp#27;[39m &amp#27;[37m/status&amp#27;[39m &amp#27;[90m{}&amp#27;[39m
&amp#27;[38;5;86m[HTTP]&amp#27;[0m &amp#27;[37m<-- GET /status &amp#27;[39m&amp#27;[32m200&amp#27;[39m &amp#27;[90m10 ms - 111&amp#27;[39m &amp#27;[90m&amp#27;[39m
]]></system-out>
    <system-err><![CDATA[[TestNG-tests-1] INFO com.portfolio.mobileautomation.listeners.AllureTestListener - Test Suite started: ExampleAppTest
[TestNG-tests-1] INFO com.portfolio.mobileautomation.tests.ExampleTest - Setting up test environment.
[TestNG-tests-1] WARN com.portfolio.mobileautomation.server.AppiumServerManager - El puerto 4723 ya está en uso. Intentando liberar el puerto antes de iniciar Appium Server...
[TestNG-tests-1] INFO com.portfolio.mobileautomation.server.AppiumServerManager - Intentando terminar el proceso con PID 2788 en el puerto 4723.
[TestNG-tests-1] INFO com.portfolio.mobileautomation.server.AppiumServerManager - Proceso con PID 2788 en puerto 4723 terminado exitosamente.
[TestNG-tests-1] INFO com.portfolio.mobileautomation.server.AppiumServerManager - Iniciando Appium server...
[TestNG-tests-1] INFO com.portfolio.mobileautomation.server.AppiumServerManager - Appium server iniciado en http://127.0.0.1:4723/
[TestNG-tests-1] INFO com.portfolio.mobileautomation.driver.DriverManager - Initializing Appium Driver...
[TestNG-tests-1] INFO com.portfolio.mobileautomation.driver.DriverManager - Appium capabilities set: {appium:newCommandTimeout=20, appium:appWaitForLaunch=false, appium:avdLaunchTimeout=120000, appium:avd=Automation_Device, appium:automationName=UiAutomator2, appium:fullReset=false, appium:platformVersion=12.0, appium:noReset=false, appium:avdReadyTimeout=120000, appium:appActivity=.MainActivity, appium:deviceName=Automation_Device, platformName=ANDROID, appium:app=/src/test/resources/apps/tu-app.apk, appium:appPackage=com.ejemplo.app}
]]></system-err>
  </testcase>
  <testcase name="verifyAppLaunch" classname="com.portfolio.mobileautomation.tests.ExampleTest" time="0.0">
    <skipped message="org/openqa/selenium/ContextAware"/>
    <system-err><![CDATA[[TestNG-tests-1] INFO com.portfolio.mobileautomation.listeners.AllureTestListener - Test started: verifyAppLaunch
]]></system-err>
  </testcase>
  <testcase name="teardown" classname="com.portfolio.mobileautomation.tests.ExampleTest" time="0.0">
    <skipped/>
    <system-err><![CDATA[[TestNG-tests-1] WARN com.portfolio.mobileautomation.listeners.AllureTestListener - Test skipped: verifyAppLaunch
]]></system-err>
  </testcase>
</testsuite>